<?xml version="1.0" encoding="UTF-8"?>
<testsuite xmlns:xsi="http://www.w3.org/2001/XMLSchema-instance" xsi:noNamespaceSchemaLocation="https://maven.apache.org/surefire/maven-surefire-plugin/xsd/surefire-test-report.xsd" name="com.tils.TilasApplicationTests" time="3.434" tests="1" errors="0" skipped="0" failures="0">
  <properties>
    <property name="sun.desktop" value="windows"/>
    <property name="awt.toolkit" value="sun.awt.windows.WToolkit"/>
    <property name="file.encoding.pkg" value="sun.io"/>
    <property name="java.specification.version" value="1.8"/>
    <property name="sun.cpu.isalist" value="amd64"/>
    <property name="sun.jnu.encoding" value="GBK"/>
    <property name="java.class.path" value="D:\粤嵌\GZ2405\代码\tilas\target\test-classes;D:\粤嵌\GZ2405\代码\tilas\target\classes;D:\maven\apache-maven-3.6.1-bin\apache-maven-3.6.1\mvn_reps\org\springframework\boot\spring-boot-starter-web\2.7.9\spring-boot-starter-web-2.7.9.jar;D:\maven\apache-maven-3.6.1-bin\apache-maven-3.6.1\mvn_reps\org\springframework\boot\spring-boot-starter\2.7.9\spring-boot-starter-2.7.9.jar;D:\maven\apache-maven-3.6.1-bin\apache-maven-3.6.1\mvn_reps\org\springframework\boot\spring-boot\2.7.9\spring-boot-2.7.9.jar;D:\maven\apache-maven-3.6.1-bin\apache-maven-3.6.1\mvn_reps\org\springframework\boot\spring-boot-autoconfigure\2.7.9\spring-boot-autoconfigure-2.7.9.jar;D:\maven\apache-maven-3.6.1-bin\apache-maven-3.6.1\mvn_reps\org\springframework\boot\spring-boot-starter-logging\2.7.9\spring-boot-starter-logging-2.7.9.jar;D:\maven\apache-maven-3.6.1-bin\apache-maven-3.6.1\mvn_reps\ch\qos\logback\logback-classic\1.2.11\logback-classic-1.2.11.jar;D:\maven\apache-maven-3.6.1-bin\apache-maven-3.6.1\mvn_reps\ch\qos\logback\logback-core\1.2.11\logback-core-1.2.11.jar;D:\maven\apache-maven-3.6.1-bin\apache-maven-3.6.1\mvn_reps\org\apache\logging\log4j\log4j-to-slf4j\2.17.2\log4j-to-slf4j-2.17.2.jar;D:\maven\apache-maven-3.6.1-bin\apache-maven-3.6.1\mvn_reps\org\apache\logging\log4j\log4j-api\2.17.2\log4j-api-2.17.2.jar;D:\maven\apache-maven-3.6.1-bin\apache-maven-3.6.1\mvn_reps\org\slf4j\jul-to-slf4j\1.7.36\jul-to-slf4j-1.7.36.jar;D:\maven\apache-maven-3.6.1-bin\apache-maven-3.6.1\mvn_reps\jakarta\annotation\jakarta.annotation-api\1.3.5\jakarta.annotation-api-1.3.5.jar;D:\maven\apache-maven-3.6.1-bin\apache-maven-3.6.1\mvn_reps\org\yaml\snakeyaml\1.30\snakeyaml-1.30.jar;D:\maven\apache-maven-3.6.1-bin\apache-maven-3.6.1\mvn_reps\org\springframework\boot\spring-boot-starter-json\2.7.9\spring-boot-starter-json-2.7.9.jar;D:\maven\apache-maven-3.6.1-bin\apache-maven-3.6.1\mvn_reps\com\fasterxml\jackson\core\jackson-databind\2.13.5\jackson-databind-2.13.5.jar;D:\maven\apache-maven-3.6.1-bin\apache-maven-3.6.1\mvn_reps\com\fasterxml\jackson\core\jackson-annotations\2.13.5\jackson-annotations-2.13.5.jar;D:\maven\apache-maven-3.6.1-bin\apache-maven-3.6.1\mvn_reps\com\fasterxml\jackson\core\jackson-core\2.13.5\jackson-core-2.13.5.jar;D:\maven\apache-maven-3.6.1-bin\apache-maven-3.6.1\mvn_reps\com\fasterxml\jackson\datatype\jackson-datatype-jdk8\2.13.5\jackson-datatype-jdk8-2.13.5.jar;D:\maven\apache-maven-3.6.1-bin\apache-maven-3.6.1\mvn_reps\com\fasterxml\jackson\datatype\jackson-datatype-jsr310\2.13.5\jackson-datatype-jsr310-2.13.5.jar;D:\maven\apache-maven-3.6.1-bin\apache-maven-3.6.1\mvn_reps\com\fasterxml\jackson\module\jackson-module-parameter-names\2.13.5\jackson-module-parameter-names-2.13.5.jar;D:\maven\apache-maven-3.6.1-bin\apache-maven-3.6.1\mvn_reps\org\springframework\boot\spring-boot-starter-tomcat\2.7.9\spring-boot-starter-tomcat-2.7.9.jar;D:\maven\apache-maven-3.6.1-bin\apache-maven-3.6.1\mvn_reps\org\apache\tomcat\embed\tomcat-embed-core\9.0.71\tomcat-embed-core-9.0.71.jar;D:\maven\apache-maven-3.6.1-bin\apache-maven-3.6.1\mvn_reps\org\apache\tomcat\embed\tomcat-embed-el\9.0.71\tomcat-embed-el-9.0.71.jar;D:\maven\apache-maven-3.6.1-bin\apache-maven-3.6.1\mvn_reps\org\apache\tomcat\embed\tomcat-embed-websocket\9.0.71\tomcat-embed-websocket-9.0.71.jar;D:\maven\apache-maven-3.6.1-bin\apache-maven-3.6.1\mvn_reps\org\springframework\spring-web\5.3.25\spring-web-5.3.25.jar;D:\maven\apache-maven-3.6.1-bin\apache-maven-3.6.1\mvn_reps\org\springframework\spring-beans\5.3.25\spring-beans-5.3.25.jar;D:\maven\apache-maven-3.6.1-bin\apache-maven-3.6.1\mvn_reps\org\springframework\spring-webmvc\5.3.25\spring-webmvc-5.3.25.jar;D:\maven\apache-maven-3.6.1-bin\apache-maven-3.6.1\mvn_reps\org\springframework\spring-aop\5.3.25\spring-aop-5.3.25.jar;D:\maven\apache-maven-3.6.1-bin\apache-maven-3.6.1\mvn_reps\org\springframework\spring-context\5.3.25\spring-context-5.3.25.jar;D:\maven\apache-maven-3.6.1-bin\apache-maven-3.6.1\mvn_reps\org\springframework\spring-expression\5.3.25\spring-expression-5.3.25.jar;D:\maven\apache-maven-3.6.1-bin\apache-maven-3.6.1\mvn_reps\org\mybatis\spring\boot\mybatis-spring-boot-starter\2.1.3\mybatis-spring-boot-starter-2.1.3.jar;D:\maven\apache-maven-3.6.1-bin\apache-maven-3.6.1\mvn_reps\org\springframework\boot\spring-boot-starter-jdbc\2.7.9\spring-boot-starter-jdbc-2.7.9.jar;D:\maven\apache-maven-3.6.1-bin\apache-maven-3.6.1\mvn_reps\com\zaxxer\HikariCP\4.0.3\HikariCP-4.0.3.jar;D:\maven\apache-maven-3.6.1-bin\apache-maven-3.6.1\mvn_reps\org\springframework\spring-jdbc\5.3.25\spring-jdbc-5.3.25.jar;D:\maven\apache-maven-3.6.1-bin\apache-maven-3.6.1\mvn_reps\org\mybatis\spring\boot\mybatis-spring-boot-autoconfigure\2.1.3\mybatis-spring-boot-autoconfigure-2.1.3.jar;D:\maven\apache-maven-3.6.1-bin\apache-maven-3.6.1\mvn_reps\org\mybatis\mybatis\3.5.5\mybatis-3.5.5.jar;D:\maven\apache-maven-3.6.1-bin\apache-maven-3.6.1\mvn_reps\org\mybatis\mybatis-spring\2.0.5\mybatis-spring-2.0.5.jar;D:\maven\apache-maven-3.6.1-bin\apache-maven-3.6.1\mvn_reps\com\mysql\mysql-connector-j\8.0.32\mysql-connector-j-8.0.32.jar;D:\maven\apache-maven-3.6.1-bin\apache-maven-3.6.1\mvn_reps\org\projectlombok\lombok\1.18.26\lombok-1.18.26.jar;D:\maven\apache-maven-3.6.1-bin\apache-maven-3.6.1\mvn_reps\org\springframework\boot\spring-boot-starter-test\2.7.9\spring-boot-starter-test-2.7.9.jar;D:\maven\apache-maven-3.6.1-bin\apache-maven-3.6.1\mvn_reps\org\springframework\boot\spring-boot-test\2.7.9\spring-boot-test-2.7.9.jar;D:\maven\apache-maven-3.6.1-bin\apache-maven-3.6.1\mvn_reps\org\springframework\boot\spring-boot-test-autoconfigure\2.7.9\spring-boot-test-autoconfigure-2.7.9.jar;D:\maven\apache-maven-3.6.1-bin\apache-maven-3.6.1\mvn_reps\com\jayway\jsonpath\json-path\2.7.0\json-path-2.7.0.jar;D:\maven\apache-maven-3.6.1-bin\apache-maven-3.6.1\mvn_reps\net\minidev\json-smart\2.4.8\json-smart-2.4.8.jar;D:\maven\apache-maven-3.6.1-bin\apache-maven-3.6.1\mvn_reps\net\minidev\accessors-smart\2.4.8\accessors-smart-2.4.8.jar;D:\maven\apache-maven-3.6.1-bin\apache-maven-3.6.1\mvn_reps\org\ow2\asm\asm\9.1\asm-9.1.jar;D:\maven\apache-maven-3.6.1-bin\apache-maven-3.6.1\mvn_reps\org\slf4j\slf4j-api\1.7.36\slf4j-api-1.7.36.jar;D:\maven\apache-maven-3.6.1-bin\apache-maven-3.6.1\mvn_reps\jakarta\xml\bind\jakarta.xml.bind-api\2.3.3\jakarta.xml.bind-api-2.3.3.jar;D:\maven\apache-maven-3.6.1-bin\apache-maven-3.6.1\mvn_reps\jakarta\activation\jakarta.activation-api\1.2.2\jakarta.activation-api-1.2.2.jar;D:\maven\apache-maven-3.6.1-bin\apache-maven-3.6.1\mvn_reps\org\assertj\assertj-core\3.22.0\assertj-core-3.22.0.jar;D:\maven\apache-maven-3.6.1-bin\apache-maven-3.6.1\mvn_reps\org\hamcrest\hamcrest\2.2\hamcrest-2.2.jar;D:\maven\apache-maven-3.6.1-bin\apache-maven-3.6.1\mvn_reps\org\junit\jupiter\junit-jupiter\5.8.2\junit-jupiter-5.8.2.jar;D:\maven\apache-maven-3.6.1-bin\apache-maven-3.6.1\mvn_reps\org\junit\jupiter\junit-jupiter-api\5.8.2\junit-jupiter-api-5.8.2.jar;D:\maven\apache-maven-3.6.1-bin\apache-maven-3.6.1\mvn_reps\org\opentest4j\opentest4j\1.2.0\opentest4j-1.2.0.jar;D:\maven\apache-maven-3.6.1-bin\apache-maven-3.6.1\mvn_reps\org\junit\platform\junit-platform-commons\1.8.2\junit-platform-commons-1.8.2.jar;D:\maven\apache-maven-3.6.1-bin\apache-maven-3.6.1\mvn_reps\org\apiguardian\apiguardian-api\1.1.2\apiguardian-api-1.1.2.jar;D:\maven\apache-maven-3.6.1-bin\apache-maven-3.6.1\mvn_reps\org\junit\jupiter\junit-jupiter-params\5.8.2\junit-jupiter-params-5.8.2.jar;D:\maven\apache-maven-3.6.1-bin\apache-maven-3.6.1\mvn_reps\org\junit\jupiter\junit-jupiter-engine\5.8.2\junit-jupiter-engine-5.8.2.jar;D:\maven\apache-maven-3.6.1-bin\apache-maven-3.6.1\mvn_reps\org\junit\platform\junit-platform-engine\1.8.2\junit-platform-engine-1.8.2.jar;D:\maven\apache-maven-3.6.1-bin\apache-maven-3.6.1\mvn_reps\org\mockito\mockito-core\4.5.1\mockito-core-4.5.1.jar;D:\maven\apache-maven-3.6.1-bin\apache-maven-3.6.1\mvn_reps\net\bytebuddy\byte-buddy\1.12.23\byte-buddy-1.12.23.jar;D:\maven\apache-maven-3.6.1-bin\apache-maven-3.6.1\mvn_reps\net\bytebuddy\byte-buddy-agent\1.12.23\byte-buddy-agent-1.12.23.jar;D:\maven\apache-maven-3.6.1-bin\apache-maven-3.6.1\mvn_reps\org\objenesis\objenesis\3.2\objenesis-3.2.jar;D:\maven\apache-maven-3.6.1-bin\apache-maven-3.6.1\mvn_reps\org\mockito\mockito-junit-jupiter\4.5.1\mockito-junit-jupiter-4.5.1.jar;D:\maven\apache-maven-3.6.1-bin\apache-maven-3.6.1\mvn_reps\org\skyscreamer\jsonassert\1.5.1\jsonassert-1.5.1.jar;D:\maven\apache-maven-3.6.1-bin\apache-maven-3.6.1\mvn_reps\com\vaadin\external\google\android-json\0.0.20131108.vaadin1\android-json-0.0.20131108.vaadin1.jar;D:\maven\apache-maven-3.6.1-bin\apache-maven-3.6.1\mvn_reps\org\springframework\spring-core\5.3.25\spring-core-5.3.25.jar;D:\maven\apache-maven-3.6.1-bin\apache-maven-3.6.1\mvn_reps\org\springframework\spring-jcl\5.3.25\spring-jcl-5.3.25.jar;D:\maven\apache-maven-3.6.1-bin\apache-maven-3.6.1\mvn_reps\org\springframework\spring-test\5.3.25\spring-test-5.3.25.jar;D:\maven\apache-maven-3.6.1-bin\apache-maven-3.6.1\mvn_reps\org\xmlunit\xmlunit-core\2.9.1\xmlunit-core-2.9.1.jar;D:\maven\apache-maven-3.6.1-bin\apache-maven-3.6.1\mvn_reps\org\mybatis\spring\boot\mybatis-spring-boot-starter-test\2.1.3\mybatis-spring-boot-starter-test-2.1.3.jar;D:\maven\apache-maven-3.6.1-bin\apache-maven-3.6.1\mvn_reps\org\mybatis\spring\boot\mybatis-spring-boot-test-autoconfigure\2.1.3\mybatis-spring-boot-test-autoconfigure-2.1.3.jar;D:\maven\apache-maven-3.6.1-bin\apache-maven-3.6.1\mvn_reps\org\springframework\spring-tx\5.3.25\spring-tx-5.3.25.jar;"/>
    <property name="java.vm.vendor" value="Oracle Corporation"/>
    <property name="sun.arch.data.model" value="64"/>
    <property name="user.variant" value=""/>
    <property name="java.vendor.url" value="http://java.oracle.com/"/>
    <property name="user.timezone" value="Asia/Shanghai"/>
    <property name="java.vm.specification.version" value="1.8"/>
    <property name="os.name" value="Windows 10"/>
    <property name="user.country" value="CN"/>
    <property name="sun.java.launcher" value="SUN_STANDARD"/>
    <property name="sun.boot.library.path" value="C:\Users\86187\.jdks\Java\jdk1.8.0_151\jre\bin"/>
    <property name="sun.java.command" value="C:\Users\86187\AppData\Local\Temp\surefire2790329452032401120\surefirebooter4087168212294678966.jar C:\Users\86187\AppData\Local\Temp\surefire2790329452032401120 2024-02-01T20-28-50_654-jvmRun1 surefire8534366548635171115tmp surefire_08317758474840697185tmp"/>
    <property name="surefire.test.class.path" value="D:\粤嵌\GZ2405\代码\tilas\target\test-classes;D:\粤嵌\GZ2405\代码\tilas\target\classes;D:\maven\apache-maven-3.6.1-bin\apache-maven-3.6.1\mvn_reps\org\springframework\boot\spring-boot-starter-web\2.7.9\spring-boot-starter-web-2.7.9.jar;D:\maven\apache-maven-3.6.1-bin\apache-maven-3.6.1\mvn_reps\org\springframework\boot\spring-boot-starter\2.7.9\spring-boot-starter-2.7.9.jar;D:\maven\apache-maven-3.6.1-bin\apache-maven-3.6.1\mvn_reps\org\springframework\boot\spring-boot\2.7.9\spring-boot-2.7.9.jar;D:\maven\apache-maven-3.6.1-bin\apache-maven-3.6.1\mvn_reps\org\springframework\boot\spring-boot-autoconfigure\2.7.9\spring-boot-autoconfigure-2.7.9.jar;D:\maven\apache-maven-3.6.1-bin\apache-maven-3.6.1\mvn_reps\org\springframework\boot\spring-boot-starter-logging\2.7.9\spring-boot-starter-logging-2.7.9.jar;D:\maven\apache-maven-3.6.1-bin\apache-maven-3.6.1\mvn_reps\ch\qos\logback\logback-classic\1.2.11\logback-classic-1.2.11.jar;D:\maven\apache-maven-3.6.1-bin\apache-maven-3.6.1\mvn_reps\ch\qos\logback\logback-core\1.2.11\logback-core-1.2.11.jar;D:\maven\apache-maven-3.6.1-bin\apache-maven-3.6.1\mvn_reps\org\apache\logging\log4j\log4j-to-slf4j\2.17.2\log4j-to-slf4j-2.17.2.jar;D:\maven\apache-maven-3.6.1-bin\apache-maven-3.6.1\mvn_reps\org\apache\logging\log4j\log4j-api\2.17.2\log4j-api-2.17.2.jar;D:\maven\apache-maven-3.6.1-bin\apache-maven-3.6.1\mvn_reps\org\slf4j\jul-to-slf4j\1.7.36\jul-to-slf4j-1.7.36.jar;D:\maven\apache-maven-3.6.1-bin\apache-maven-3.6.1\mvn_reps\jakarta\annotation\jakarta.annotation-api\1.3.5\jakarta.annotation-api-1.3.5.jar;D:\maven\apache-maven-3.6.1-bin\apache-maven-3.6.1\mvn_reps\org\yaml\snakeyaml\1.30\snakeyaml-1.30.jar;D:\maven\apache-maven-3.6.1-bin\apache-maven-3.6.1\mvn_reps\org\springframework\boot\spring-boot-starter-json\2.7.9\spring-boot-starter-json-2.7.9.jar;D:\maven\apache-maven-3.6.1-bin\apache-maven-3.6.1\mvn_reps\com\fasterxml\jackson\core\jackson-databind\2.13.5\jackson-databind-2.13.5.jar;D:\maven\apache-maven-3.6.1-bin\apache-maven-3.6.1\mvn_reps\com\fasterxml\jackson\core\jackson-annotations\2.13.5\jackson-annotations-2.13.5.jar;D:\maven\apache-maven-3.6.1-bin\apache-maven-3.6.1\mvn_reps\com\fasterxml\jackson\core\jackson-core\2.13.5\jackson-core-2.13.5.jar;D:\maven\apache-maven-3.6.1-bin\apache-maven-3.6.1\mvn_reps\com\fasterxml\jackson\datatype\jackson-datatype-jdk8\2.13.5\jackson-datatype-jdk8-2.13.5.jar;D:\maven\apache-maven-3.6.1-bin\apache-maven-3.6.1\mvn_reps\com\fasterxml\jackson\datatype\jackson-datatype-jsr310\2.13.5\jackson-datatype-jsr310-2.13.5.jar;D:\maven\apache-maven-3.6.1-bin\apache-maven-3.6.1\mvn_reps\com\fasterxml\jackson\module\jackson-module-parameter-names\2.13.5\jackson-module-parameter-names-2.13.5.jar;D:\maven\apache-maven-3.6.1-bin\apache-maven-3.6.1\mvn_reps\org\springframework\boot\spring-boot-starter-tomcat\2.7.9\spring-boot-starter-tomcat-2.7.9.jar;D:\maven\apache-maven-3.6.1-bin\apache-maven-3.6.1\mvn_reps\org\apache\tomcat\embed\tomcat-embed-core\9.0.71\tomcat-embed-core-9.0.71.jar;D:\maven\apache-maven-3.6.1-bin\apache-maven-3.6.1\mvn_reps\org\apache\tomcat\embed\tomcat-embed-el\9.0.71\tomcat-embed-el-9.0.71.jar;D:\maven\apache-maven-3.6.1-bin\apache-maven-3.6.1\mvn_reps\org\apache\tomcat\embed\tomcat-embed-websocket\9.0.71\tomcat-embed-websocket-9.0.71.jar;D:\maven\apache-maven-3.6.1-bin\apache-maven-3.6.1\mvn_reps\org\springframework\spring-web\5.3.25\spring-web-5.3.25.jar;D:\maven\apache-maven-3.6.1-bin\apache-maven-3.6.1\mvn_reps\org\springframework\spring-beans\5.3.25\spring-beans-5.3.25.jar;D:\maven\apache-maven-3.6.1-bin\apache-maven-3.6.1\mvn_reps\org\springframework\spring-webmvc\5.3.25\spring-webmvc-5.3.25.jar;D:\maven\apache-maven-3.6.1-bin\apache-maven-3.6.1\mvn_reps\org\springframework\spring-aop\5.3.25\spring-aop-5.3.25.jar;D:\maven\apache-maven-3.6.1-bin\apache-maven-3.6.1\mvn_reps\org\springframework\spring-context\5.3.25\spring-context-5.3.25.jar;D:\maven\apache-maven-3.6.1-bin\apache-maven-3.6.1\mvn_reps\org\springframework\spring-expression\5.3.25\spring-expression-5.3.25.jar;D:\maven\apache-maven-3.6.1-bin\apache-maven-3.6.1\mvn_reps\org\mybatis\spring\boot\mybatis-spring-boot-starter\2.1.3\mybatis-spring-boot-starter-2.1.3.jar;D:\maven\apache-maven-3.6.1-bin\apache-maven-3.6.1\mvn_reps\org\springframework\boot\spring-boot-starter-jdbc\2.7.9\spring-boot-starter-jdbc-2.7.9.jar;D:\maven\apache-maven-3.6.1-bin\apache-maven-3.6.1\mvn_reps\com\zaxxer\HikariCP\4.0.3\HikariCP-4.0.3.jar;D:\maven\apache-maven-3.6.1-bin\apache-maven-3.6.1\mvn_reps\org\springframework\spring-jdbc\5.3.25\spring-jdbc-5.3.25.jar;D:\maven\apache-maven-3.6.1-bin\apache-maven-3.6.1\mvn_reps\org\mybatis\spring\boot\mybatis-spring-boot-autoconfigure\2.1.3\mybatis-spring-boot-autoconfigure-2.1.3.jar;D:\maven\apache-maven-3.6.1-bin\apache-maven-3.6.1\mvn_reps\org\mybatis\mybatis\3.5.5\mybatis-3.5.5.jar;D:\maven\apache-maven-3.6.1-bin\apache-maven-3.6.1\mvn_reps\org\mybatis\mybatis-spring\2.0.5\mybatis-spring-2.0.5.jar;D:\maven\apache-maven-3.6.1-bin\apache-maven-3.6.1\mvn_reps\com\mysql\mysql-connector-j\8.0.32\mysql-connector-j-8.0.32.jar;D:\maven\apache-maven-3.6.1-bin\apache-maven-3.6.1\mvn_reps\org\projectlombok\lombok\1.18.26\lombok-1.18.26.jar;D:\maven\apache-maven-3.6.1-bin\apache-maven-3.6.1\mvn_reps\org\springframework\boot\spring-boot-starter-test\2.7.9\spring-boot-starter-test-2.7.9.jar;D:\maven\apache-maven-3.6.1-bin\apache-maven-3.6.1\mvn_reps\org\springframework\boot\spring-boot-test\2.7.9\spring-boot-test-2.7.9.jar;D:\maven\apache-maven-3.6.1-bin\apache-maven-3.6.1\mvn_reps\org\springframework\boot\spring-boot-test-autoconfigure\2.7.9\spring-boot-test-autoconfigure-2.7.9.jar;D:\maven\apache-maven-3.6.1-bin\apache-maven-3.6.1\mvn_reps\com\jayway\jsonpath\json-path\2.7.0\json-path-2.7.0.jar;D:\maven\apache-maven-3.6.1-bin\apache-maven-3.6.1\mvn_reps\net\minidev\json-smart\2.4.8\json-smart-2.4.8.jar;D:\maven\apache-maven-3.6.1-bin\apache-maven-3.6.1\mvn_reps\net\minidev\accessors-smart\2.4.8\accessors-smart-2.4.8.jar;D:\maven\apache-maven-3.6.1-bin\apache-maven-3.6.1\mvn_reps\org\ow2\asm\asm\9.1\asm-9.1.jar;D:\maven\apache-maven-3.6.1-bin\apache-maven-3.6.1\mvn_reps\org\slf4j\slf4j-api\1.7.36\slf4j-api-1.7.36.jar;D:\maven\apache-maven-3.6.1-bin\apache-maven-3.6.1\mvn_reps\jakarta\xml\bind\jakarta.xml.bind-api\2.3.3\jakarta.xml.bind-api-2.3.3.jar;D:\maven\apache-maven-3.6.1-bin\apache-maven-3.6.1\mvn_reps\jakarta\activation\jakarta.activation-api\1.2.2\jakarta.activation-api-1.2.2.jar;D:\maven\apache-maven-3.6.1-bin\apache-maven-3.6.1\mvn_reps\org\assertj\assertj-core\3.22.0\assertj-core-3.22.0.jar;D:\maven\apache-maven-3.6.1-bin\apache-maven-3.6.1\mvn_reps\org\hamcrest\hamcrest\2.2\hamcrest-2.2.jar;D:\maven\apache-maven-3.6.1-bin\apache-maven-3.6.1\mvn_reps\org\junit\jupiter\junit-jupiter\5.8.2\junit-jupiter-5.8.2.jar;D:\maven\apache-maven-3.6.1-bin\apache-maven-3.6.1\mvn_reps\org\junit\jupiter\junit-jupiter-api\5.8.2\junit-jupiter-api-5.8.2.jar;D:\maven\apache-maven-3.6.1-bin\apache-maven-3.6.1\mvn_reps\org\opentest4j\opentest4j\1.2.0\opentest4j-1.2.0.jar;D:\maven\apache-maven-3.6.1-bin\apache-maven-3.6.1\mvn_reps\org\junit\platform\junit-platform-commons\1.8.2\junit-platform-commons-1.8.2.jar;D:\maven\apache-maven-3.6.1-bin\apache-maven-3.6.1\mvn_reps\org\apiguardian\apiguardian-api\1.1.2\apiguardian-api-1.1.2.jar;D:\maven\apache-maven-3.6.1-bin\apache-maven-3.6.1\mvn_reps\org\junit\jupiter\junit-jupiter-params\5.8.2\junit-jupiter-params-5.8.2.jar;D:\maven\apache-maven-3.6.1-bin\apache-maven-3.6.1\mvn_reps\org\junit\jupiter\junit-jupiter-engine\5.8.2\junit-jupiter-engine-5.8.2.jar;D:\maven\apache-maven-3.6.1-bin\apache-maven-3.6.1\mvn_reps\org\junit\platform\junit-platform-engine\1.8.2\junit-platform-engine-1.8.2.jar;D:\maven\apache-maven-3.6.1-bin\apache-maven-3.6.1\mvn_reps\org\mockito\mockito-core\4.5.1\mockito-core-4.5.1.jar;D:\maven\apache-maven-3.6.1-bin\apache-maven-3.6.1\mvn_reps\net\bytebuddy\byte-buddy\1.12.23\byte-buddy-1.12.23.jar;D:\maven\apache-maven-3.6.1-bin\apache-maven-3.6.1\mvn_reps\net\bytebuddy\byte-buddy-agent\1.12.23\byte-buddy-agent-1.12.23.jar;D:\maven\apache-maven-3.6.1-bin\apache-maven-3.6.1\mvn_reps\org\objenesis\objenesis\3.2\objenesis-3.2.jar;D:\maven\apache-maven-3.6.1-bin\apache-maven-3.6.1\mvn_reps\org\mockito\mockito-junit-jupiter\4.5.1\mockito-junit-jupiter-4.5.1.jar;D:\maven\apache-maven-3.6.1-bin\apache-maven-3.6.1\mvn_reps\org\skyscreamer\jsonassert\1.5.1\jsonassert-1.5.1.jar;D:\maven\apache-maven-3.6.1-bin\apache-maven-3.6.1\mvn_reps\com\vaadin\external\google\android-json\0.0.20131108.vaadin1\android-json-0.0.20131108.vaadin1.jar;D:\maven\apache-maven-3.6.1-bin\apache-maven-3.6.1\mvn_reps\org\springframework\spring-core\5.3.25\spring-core-5.3.25.jar;D:\maven\apache-maven-3.6.1-bin\apache-maven-3.6.1\mvn_reps\org\springframework\spring-jcl\5.3.25\spring-jcl-5.3.25.jar;D:\maven\apache-maven-3.6.1-bin\apache-maven-3.6.1\mvn_reps\org\springframework\spring-test\5.3.25\spring-test-5.3.25.jar;D:\maven\apache-maven-3.6.1-bin\apache-maven-3.6.1\mvn_reps\org\xmlunit\xmlunit-core\2.9.1\xmlunit-core-2.9.1.jar;D:\maven\apache-maven-3.6.1-bin\apache-maven-3.6.1\mvn_reps\org\mybatis\spring\boot\mybatis-spring-boot-starter-test\2.1.3\mybatis-spring-boot-starter-test-2.1.3.jar;D:\maven\apache-maven-3.6.1-bin\apache-maven-3.6.1\mvn_reps\org\mybatis\spring\boot\mybatis-spring-boot-test-autoconfigure\2.1.3\mybatis-spring-boot-test-autoconfigure-2.1.3.jar;D:\maven\apache-maven-3.6.1-bin\apache-maven-3.6.1\mvn_reps\org\springframework\spring-tx\5.3.25\spring-tx-5.3.25.jar;"/>
    <property name="sun.cpu.endian" value="little"/>
    <property name="user.home" value="C:\Users\86187"/>
    <property name="user.language" value="zh"/>
    <property name="java.specification.vendor" value="Oracle Corporation"/>
    <property name="java.home" value="C:\Users\86187\.jdks\Java\jdk1.8.0_151\jre"/>
    <property name="basedir" value="D:\粤嵌\GZ2405\代码\tilas"/>
    <property name="file.separator" value="\"/>
    <property name="line.separator" value="&#10;"/>
    <property name="java.vm.specification.vendor" value="Oracle Corporation"/>
    <property name="java.specification.name" value="Java Platform API Specification"/>
    <property name="java.awt.graphicsenv" value="sun.awt.Win32GraphicsEnvironment"/>
    <property name="surefire.real.class.path" value="C:\Users\86187\AppData\Local\Temp\surefire2790329452032401120\surefirebooter4087168212294678966.jar"/>
    <property name="sun.boot.class.path" value="C:\Users\86187\.jdks\Java\jdk1.8.0_151\jre\lib\resources.jar;C:\Users\86187\.jdks\Java\jdk1.8.0_151\jre\lib\rt.jar;C:\Users\86187\.jdks\Java\jdk1.8.0_151\jre\lib\sunrsasign.jar;C:\Users\86187\.jdks\Java\jdk1.8.0_151\jre\lib\jsse.jar;C:\Users\86187\.jdks\Java\jdk1.8.0_151\jre\lib\jce.jar;C:\Users\86187\.jdks\Java\jdk1.8.0_151\jre\lib\charsets.jar;C:\Users\86187\.jdks\Java\jdk1.8.0_151\jre\lib\jfr.jar;C:\Users\86187\.jdks\Java\jdk1.8.0_151\jre\classes"/>
    <property name="user.script" value=""/>
    <property name="sun.management.compiler" value="HotSpot 64-Bit Tiered Compilers"/>
    <property name="java.runtime.version" value="1.8.0_151-b12"/>
    <property name="user.name" value="86187"/>
    <property name="path.separator" value=";"/>
    <property name="os.version" value="10.0"/>
    <property name="java.endorsed.dirs" value="C:\Users\86187\.jdks\Java\jdk1.8.0_151\jre\lib\endorsed"/>
    <property name="java.runtime.name" value="Java(TM) SE Runtime Environment"/>
    <property name="file.encoding" value="GBK"/>
    <property name="java.vm.name" value="Java HotSpot(TM) 64-Bit Server VM"/>
    <property name="localRepository" value="D:\maven\apache-maven-3.6.1-bin\apache-maven-3.6.1\mvn_reps"/>
    <property name="java.vendor.url.bug" value="http://bugreport.sun.com/bugreport/"/>
    <property name="java.io.tmpdir" value="C:\Users\86187\AppData\Local\Temp\"/>
    <property name="idea.version" value="2023.1"/>
    <property name="java.version" value="1.8.0_151"/>
    <property name="user.dir" value="D:\粤嵌\GZ2405\代码\tilas"/>
    <property name="os.arch" value="amd64"/>
    <property name="java.vm.specification.name" value="Java Virtual Machine Specification"/>
    <property name="java.awt.printerjob" value="sun.awt.windows.WPrinterJob"/>
    <property name="sun.os.patch.level" value=""/>
    <property name="java.library.path" value="C:\Users\86187\.jdks\Java\jdk1.8.0_151\jre\bin;C:\WINDOWS\Sun\Java\bin;C:\WINDOWS\system32;C:\WINDOWS;C:\ProgramData\Oracle\Java\javapath;C:\Users\86187\.jdks\Java\jdk1.8.0_151\bin;D:\Program Files (x86)\VMware\VMware Workstation\bin\;C:\Program Files\Microsoft MPI\Bin\;C:\Program Files (x86)\Common Files\Intel\Shared Libraries\redist\intel64\compiler;C:\WINDOWS\system32;C:\WINDOWS;C:\WINDOWS\System32\Wbem;C:\WINDOWS\System32\WindowsPowerShell\v1.0\;C:\WINDOWS\System32\OpenSSH\;C:\Program Files\Microsoft SQL Server\Client SDK\ODBC\170\Tools\Binn\;C:\Program Files (x86)\Microsoft SQL Server\150\Tools\Binn\;C:\Program Files\Microsoft SQL Server\150\Tools\Binn\;C:\Program Files\Microsoft SQL Server\150\DTS\Binn\;D:\maven\apache-maven-3.6.1-bin\apache-maven-3.6.1\bin;C:\Program Files\Graphviz\bin;E:\资料\大数据收集与预处理\apache-hadoop-3.1.3-winutils-master\Hadoop\hadoop-3.1.3\bin;E:\资料\大数据收集与预处理\实验软件\apache-flume-1.9.0-bin\conf;E:\资料\大数据收集与预处理\实验软件\apache-flume-1.9.0-bin\bin;D:\Program Files\Git\cmd;C:\Program Files\TortoiseGit\bin;D:\Tools\Node.js\;C:\Users\86187\AppData\Local\Programs\Python\Python311\Scripts\;C:\Users\86187\AppData\Local\Programs\Python\Python311\;D:\maven\apache-maven-3.6.1-bin\apache-maven-3.6.1\bin;D:\Program Files\MySQL\bin;C:\Users\86187\AppData\Local\Microsoft\WindowsApps;C:\Program Files\Azure Data Studio\bin;D:\Program Files\JetBrains\IntelliJ IDEA Community Edition 2022.1.3\bin;;C:\Users\86187\.jdks\azul-1.8.0_332\bin;D:\Program Files\JetBrains\IntelliJ IDEA 2023.1\bin;;%PyCharm%;C:\Users\86187\AppData\Local\Programs\Python\Python311\python.exe;;;D:\粤嵌\Microsoft VS Code\bin;C:\Users\86187\AppData\Roaming\npm;."/>
    <property name="java.vm.info" value="mixed mode"/>
    <property name="java.vendor" value="Oracle Corporation"/>
    <property name="java.vm.version" value="25.151-b12"/>
    <property name="java.ext.dirs" value="C:\Users\86187\.jdks\Java\jdk1.8.0_151\jre\lib\ext;C:\WINDOWS\Sun\Java\lib\ext"/>
    <property name="sun.io.unicode.encoding" value="UnicodeLittle"/>
    <property name="java.class.version" value="52.0"/>
  </properties>
  <testcase name="contextLoads" classname="com.tils.TilasApplicationTests" time="0.302"/>
</testsuite>